{
  meta: {
    req: {
      url: '/api/productos',
      headers: {
        'content-type': 'application/json',
        'user-agent': 'PostmanRuntime/7.31.3',
        accept: '*/*',
        'postman-token': '8c0ef3d8-422f-43b9-9590-336d189096ef',
        host: 'localhost:8080',
        'accept-encoding': 'gzip, deflate, br',
        connection: 'keep-alive',
        'content-length': '347',
        cookie: 'session=eyJwYXNzcG9ydCI6e319; session.sig=3i1JGD4Uo8ju6uXkzH2tZqxKwD4'
      },
      method: 'POST',
      httpVersion: '1.1',
      originalUrl: '/api/productos',
      query: {}
    },
    res: { statusCode: 403 },
    responseTime: 1
  },
  level: 'warn',
  message: 'HTTP POST /api/productos',
  timestamp: '2023-04-19T00:05:30.721Z'
}
{
  meta: {
    req: {
      url: '/api/productos',
      headers: {
        'content-type': 'application/json',
        'user-agent': 'PostmanRuntime/7.31.3',
        accept: '*/*',
        'postman-token': '15842b97-0cd4-42bd-8cc8-1be9caefc677',
        host: 'localhost:8080',
        'accept-encoding': 'gzip, deflate, br',
        connection: 'keep-alive',
        'content-length': '347',
        cookie: 'session=eyJwYXNzcG9ydCI6e319; session.sig=3i1JGD4Uo8ju6uXkzH2tZqxKwD4'
      },
      method: 'POST',
      httpVersion: '1.1',
      originalUrl: '/api/productos',
      query: {}
    },
    res: { statusCode: 401 },
    responseTime: 4
  },
  level: 'warn',
  message: 'HTTP POST /api/productos',
  timestamp: '2023-04-19T00:06:11.017Z'
}
{
  meta: {
    req: {
      url: '/user/profile',
      headers: {
        'user-agent': 'PostmanRuntime/7.31.3',
        accept: '*/*',
        'postman-token': 'b7afb8b6-6efc-4a07-99ec-c87b8dbc5d43',
        host: 'localhost:8080',
        'accept-encoding': 'gzip, deflate, br',
        connection: 'keep-alive',
        cookie: 'session=eyJwYXNzcG9ydCI6e319; session.sig=3i1JGD4Uo8ju6uXkzH2tZqxKwD4'
      },
      method: 'GET',
      httpVersion: '1.1',
      originalUrl: '/user/profile',
      query: {}
    },
    res: { statusCode: 401 },
    responseTime: 4
  },
  level: 'warn',
  message: 'HTTP GET /user/profile',
  timestamp: '2023-04-19T01:04:39.474Z'
}
{
  meta: {
    req: {
      url: '/user/signin',
      headers: {
        'content-type': 'application/json',
        'user-agent': 'PostmanRuntime/7.31.3',
        accept: '*/*',
        'postman-token': 'ef2be1b0-af0f-499f-9704-d4ead2a40fb4',
        host: 'localhost:8080',
        'accept-encoding': 'gzip, deflate, br',
        connection: 'keep-alive',
        'content-length': '56',
        cookie: 'session=eyJwYXNzcG9ydCI6e319; session.sig=3i1JGD4Uo8ju6uXkzH2tZqxKwD4'
      },
      method: 'POST',
      httpVersion: '1.1',
      originalUrl: '/user/signin',
      query: {}
    },
    res: { statusCode: 401 },
    responseTime: 56
  },
  level: 'warn',
  message: 'HTTP POST /user/signin',
  timestamp: '2023-04-19T01:04:44.517Z'
}
{
  meta: {
    req: {
      url: '/api/carrito',
      headers: {
        'user-agent': 'PostmanRuntime/7.32.2',
        accept: '*/*',
        'postman-token': '9facb819-4082-4ceb-82c4-45592c5a82dd',
        host: 'localhost:8080',
        'accept-encoding': 'gzip, deflate, br',
        connection: 'keep-alive'
      },
      method: 'GET',
      httpVersion: '1.1',
      originalUrl: '/api/carrito',
      query: {}
    },
    res: { statusCode: 401 },
    responseTime: 1
  },
  level: 'warn',
  message: 'HTTP GET /api/carrito',
  timestamp: '2023-06-15T00:10:43.054Z'
}
{
  meta: {
    req: {
      url: '/api/carrito',
      headers: {
        'user-agent': 'PostmanRuntime/7.32.2',
        accept: '*/*',
        'postman-token': '360d7bd4-d28f-4ff2-8443-da3c70ca5b5d',
        host: 'localhost:8080',
        'accept-encoding': 'gzip, deflate, br',
        connection: 'keep-alive',
        cookie: 'session=eyJwYXNzcG9ydCI6eyJ1c2VyIjoiMTY4MTg2NjI4OTA5MiJ9fQ==; session.sig=bky9ruVLVkmxphbjNAau22bvuRY'
      },
      method: 'GET',
      httpVersion: '1.1',
      originalUrl: '/api/carrito',
      query: {}
    },
    res: { statusCode: 403 },
    responseTime: 47
  },
  level: 'warn',
  message: 'HTTP GET /api/carrito',
  timestamp: '2023-06-15T00:10:56.239Z'
}
{
  meta: {
    req: {
      url: '/api/carrito/productos',
      headers: {
        'user-agent': 'PostmanRuntime/7.32.2',
        accept: '*/*',
        'postman-token': '98f9afa1-6264-4d4f-86da-885651103e4f',
        host: 'localhost:8080',
        'accept-encoding': 'gzip, deflate, br',
        connection: 'keep-alive',
        cookie: 'session=eyJwYXNzcG9ydCI6eyJ1c2VyIjoiMTY4MTg2NjI4OTA5MiJ9fQ==; session.sig=bky9ruVLVkmxphbjNAau22bvuRY'
      },
      method: 'GET',
      httpVersion: '1.1',
      originalUrl: '/api/carrito/productos',
      query: {}
    },
    res: { statusCode: 404 },
    responseTime: 49
  },
  level: 'warn',
  message: 'HTTP GET /api/carrito/productos',
  timestamp: '2023-06-15T00:11:02.231Z'
}
{
  meta: {
    req: {
      url: '/api/carrito/productos/2',
      headers: {
        'user-agent': 'PostmanRuntime/7.32.2',
        accept: '*/*',
        'postman-token': 'fbf9f0e5-9eb6-4df6-8bf9-28058ae4e2cd',
        host: 'localhost:8080',
        'accept-encoding': 'gzip, deflate, br',
        connection: 'keep-alive',
        cookie: 'session=eyJwYXNzcG9ydCI6eyJ1c2VyIjoiMTY4MTg0NTAyNDU4NCJ9fQ==; session.sig=QJTr-Sl59tQONUZUl6WdDmkcIng',
        'content-length': '0'
      },
      method: 'POST',
      httpVersion: '1.1',
      originalUrl: '/api/carrito/productos/2',
      query: {}
    },
    res: { statusCode: 400 },
    responseTime: 96
  },
  level: 'warn',
  message: 'HTTP POST /api/carrito/productos/2',
  timestamp: '2023-06-15T00:12:47.826Z'
}
{
  meta: {
    req: {
      url: '/api/carrito',
      headers: {
        'content-type': 'application/json',
        'user-agent': 'PostmanRuntime/7.32.2',
        accept: '*/*',
        'postman-token': '6f3ac291-7a36-4fc2-a292-26720422bd38',
        host: 'localhost:8080',
        'accept-encoding': 'gzip, deflate, br',
        connection: 'keep-alive',
        'content-length': '2',
        cookie: 'session=eyJwYXNzcG9ydCI6eyJ1c2VyIjoiMTY4MTg0NTAyNDU4NCJ9fQ==; session.sig=QJTr-Sl59tQONUZUl6WdDmkcIng'
      },
      method: 'POST',
      httpVersion: '1.1',
      originalUrl: '/api/carrito',
      query: {}
    },
    res: { statusCode: 400 },
    responseTime: 47
  },
  level: 'warn',
  message: 'HTTP POST /api/carrito',
  timestamp: '2023-06-15T00:13:01.054Z'
}
